<?xml version="1.0" encoding="UTF-8"?>
<!-- Generated by org.testng.reporters.JUnitXMLReporter -->
<testsuite hostname="LAPTOP-DS4ESSB9" ignored="0" name="Surefire test" tests="3" failures="0" timestamp="30 May 2022 10:21:48 GMT" time="0.293" errors="0">
  <testcase name="programtest" time="0.088" classname="BasicProgramTest.Program1Test"/>
  <testcase name="employesname" time="0.001" classname="BasicProgramTest.Program2Test"/>
  <testcase name="idNumber" time="0.002" classname="BasicProgramTest.Program3Test"/>
</testsuite> <!-- Surefire test -->
